app/build/intermediates/manifest_merge_blame_file/release/processReleaseMainManifest/manifest-merger-blame-release-report.txt
1<?xml version="1.0" encoding="utf-8"?>
2<manifest xmlns:android="http://schemas.android.com/apk/res/android"
3    package="com.sukhayu.patient"
4    android:versionCode="1"
5    android:versionName="1.0" >
6
7    <uses-sdk
8        android:minSdkVersion="24"
9        android:targetSdkVersion="34" />
10
11    <!-- 🌐 Network + basic permissions -->
12    <uses-permission android:name="android.permission.INTERNET" />
12-->src\main\AndroidManifest.xml:5:5-67
12-->src\main\AndroidManifest.xml:5:22-64
13    <uses-permission android:name="android.permission.ACCESS_NETWORK_STATE" />
13-->src\main\AndroidManifest.xml:6:5-79
13-->src\main\AndroidManifest.xml:6:22-76
14    <uses-permission android:name="android.permission.WAKE_LOCK" />
14-->src\main\AndroidManifest.xml:7:5-68
14-->src\main\AndroidManifest.xml:7:22-65
15
16    <permission
16-->[androidx.core:core:1.13.0] AndroidManifest.xml:22:5-24:47
17        android:name="com.sukhayu.patient.DYNAMIC_RECEIVER_NOT_EXPORTED_PERMISSION"
17-->[androidx.core:core:1.13.0] AndroidManifest.xml:23:9-81
18        android:protectionLevel="signature" />
18-->[androidx.core:core:1.13.0] AndroidManifest.xml:24:9-44
19
20    <uses-permission android:name="com.sukhayu.patient.DYNAMIC_RECEIVER_NOT_EXPORTED_PERMISSION" />
20-->[androidx.core:core:1.13.0] AndroidManifest.xml:26:5-97
20-->[androidx.core:core:1.13.0] AndroidManifest.xml:26:22-94
21
22    <application
22-->src\main\AndroidManifest.xml:9:5-58:19
23        android:allowBackup="true"
23-->src\main\AndroidManifest.xml:10:9-35
24        android:appComponentFactory="androidx.core.app.CoreComponentFactory"
24-->[androidx.core:core:1.13.0] AndroidManifest.xml:28:18-86
25        android:extractNativeLibs="false"
26        android:icon="@mipmap/ic_launcher"
26-->src\main\AndroidManifest.xml:11:9-43
27        android:label="@string/app_name"
27-->src\main\AndroidManifest.xml:12:9-41
28        android:supportsRtl="true"
28-->src\main\AndroidManifest.xml:14:9-35
29        android:theme="@style/Theme.RoleBasedTelemedicinePatient" >
29-->src\main\AndroidManifest.xml:13:9-66
30
31        <!-- 🏠 Login: Launcher activity -->
32        <activity
32-->src\main\AndroidManifest.xml:17:9-24:20
33            android:name="com.sukhayu.patient.LoginActivity"
33-->src\main\AndroidManifest.xml:18:13-42
34            android:exported="true" >
34-->src\main\AndroidManifest.xml:19:13-36
35            <intent-filter>
35-->src\main\AndroidManifest.xml:20:13-23:29
36                <action android:name="android.intent.action.MAIN" />
36-->src\main\AndroidManifest.xml:21:17-69
36-->src\main\AndroidManifest.xml:21:25-66
37
38                <category android:name="android.intent.category.LAUNCHER" />
38-->src\main\AndroidManifest.xml:22:17-77
38-->src\main\AndroidManifest.xml:22:27-74
39            </intent-filter>
40        </activity>
41
42        <!-- 🩺 Core Patient Screens -->
43        <activity
43-->src\main\AndroidManifest.xml:27:9-92
44            android:name="com.sukhayu.patient.ui.dashboard.DashboardActivity"
44-->src\main\AndroidManifest.xml:27:19-65
45            android:exported="true" />
45-->src\main\AndroidManifest.xml:27:66-89
46        <activity
46-->src\main\AndroidManifest.xml:28:9-77
47            android:name="com.sukhayu.patient.ProfileActivity"
47-->src\main\AndroidManifest.xml:28:19-50
48            android:exported="true" />
48-->src\main\AndroidManifest.xml:28:51-74
49        <activity
49-->src\main\AndroidManifest.xml:29:9-83
50            android:name="com.sukhayu.patient.ConsultDoctorActivity"
50-->src\main\AndroidManifest.xml:29:19-56
51            android:exported="true" />
51-->src\main\AndroidManifest.xml:29:57-80
52        <activity
52-->src\main\AndroidManifest.xml:30:9-87
53            android:name="com.sukhayu.patient.PastConsultationsActivity"
53-->src\main\AndroidManifest.xml:30:19-60
54            android:exported="true" />
54-->src\main\AndroidManifest.xml:30:61-84
55        <activity
55-->src\main\AndroidManifest.xml:31:9-79
56            android:name="com.sukhayu.patient.MedicinesActivity"
56-->src\main\AndroidManifest.xml:31:19-52
57            android:exported="true" />
57-->src\main\AndroidManifest.xml:31:53-76
58        <activity
58-->src\main\AndroidManifest.xml:32:9-82
59            android:name="com.sukhayu.patient.DoctorDetailActivity"
59-->src\main\AndroidManifest.xml:32:19-55
60            android:exported="true" />
60-->src\main\AndroidManifest.xml:32:56-79
61
62        <!-- 💬 AI Symptom Checker -->
63        <!-- Adjusted path if your file is in `com.sukhayu.patient.model` -->
64        <activity
64-->src\main\AndroidManifest.xml:36:9-95
65            android:name="com.sukhayu.patient.ui.ai_symptom.SymptomChatActivity"
65-->src\main\AndroidManifest.xml:36:19-68
66            android:exported="true" />
66-->src\main\AndroidManifest.xml:36:69-92
67        <activity
67-->src\main\AndroidManifest.xml:37:9-96
68            android:name="com.sukhayu.patient.ui.ai_symptom.CheckSymptomsActivity"
68-->src\main\AndroidManifest.xml:37:19-70
69            android:exported="true" />
69-->src\main\AndroidManifest.xml:37:71-94
70
71        <!-- 💊 Prescription / Consultation -->
72        <activity
72-->src\main\AndroidManifest.xml:40:9-98
73            android:name="com.sukhayu.patient.ui.consultation.PrescriptionActivity"
73-->src\main\AndroidManifest.xml:40:19-71
74            android:exported="true" />
74-->src\main\AndroidManifest.xml:40:72-95
75
76        <!-- 🦠 Health Awareness -->
77        <activity
77-->src\main\AndroidManifest.xml:43:9-98
78            android:name="com.sukhayu.patient.ui.awareness.DiseaseOutbreakActivity"
78-->src\main\AndroidManifest.xml:43:19-71
79            android:exported="true" />
79-->src\main\AndroidManifest.xml:43:72-95
80
81        <!-- ⚙️ Commented out backend-related components (optional to restore later) -->
82        <!--
83        <activity android:name=".ui.teleconsult.ConsentActivity" android:exported="true" />
84        <activity android:name=".ui.teleconsult.VideoCallActivity" android:exported="true" />
85        <activity android:name=".ui.teleconsult.VoiceCallActivity" android:exported="true" />
86        <activity android:name=".ui.teleconsult.ChatFallbackActivity" android:exported="true" />
87        <activity android:name=".ui.emergency.EmergencyInitActivity" android:exported="true" />
88        <activity android:name=".ui.emergency.EmergencyVCActivity" android:exported="true" />
89
90        <service android:name=".notification.CallNotificationManager" android:exported="false" />
91        <receiver android:name=".notification.CallNotificationReceiver" android:exported="false" />
92        <service android:name=".data.remote.SocketManager" android:exported="false" />
93        -->
94        <service
94-->[androidx.room:room-runtime:2.6.1] AndroidManifest.xml:24:9-28:63
95            android:name="androidx.room.MultiInstanceInvalidationService"
95-->[androidx.room:room-runtime:2.6.1] AndroidManifest.xml:25:13-74
96            android:directBootAware="true"
96-->[androidx.room:room-runtime:2.6.1] AndroidManifest.xml:26:13-43
97            android:exported="false" />
97-->[androidx.room:room-runtime:2.6.1] AndroidManifest.xml:27:13-37
98
99        <provider
99-->[androidx.emoji2:emoji2:1.3.0] AndroidManifest.xml:24:9-32:20
100            android:name="androidx.startup.InitializationProvider"
100-->[androidx.emoji2:emoji2:1.3.0] AndroidManifest.xml:25:13-67
101            android:authorities="com.sukhayu.patient.androidx-startup"
101-->[androidx.emoji2:emoji2:1.3.0] AndroidManifest.xml:26:13-68
102            android:exported="false" >
102-->[androidx.emoji2:emoji2:1.3.0] AndroidManifest.xml:27:13-37
103            <meta-data
103-->[androidx.emoji2:emoji2:1.3.0] AndroidManifest.xml:29:13-31:52
104                android:name="androidx.emoji2.text.EmojiCompatInitializer"
104-->[androidx.emoji2:emoji2:1.3.0] AndroidManifest.xml:30:17-75
105                android:value="androidx.startup" />
105-->[androidx.emoji2:emoji2:1.3.0] AndroidManifest.xml:31:17-49
106            <meta-data
106-->[androidx.lifecycle:lifecycle-process:2.8.4] AndroidManifest.xml:29:13-31:52
107                android:name="androidx.lifecycle.ProcessLifecycleInitializer"
107-->[androidx.lifecycle:lifecycle-process:2.8.4] AndroidManifest.xml:30:17-78
108                android:value="androidx.startup" />
108-->[androidx.lifecycle:lifecycle-process:2.8.4] AndroidManifest.xml:31:17-49
109            <meta-data
109-->[androidx.profileinstaller:profileinstaller:1.4.0] AndroidManifest.xml:29:13-31:52
110                android:name="androidx.profileinstaller.ProfileInstallerInitializer"
110-->[androidx.profileinstaller:profileinstaller:1.4.0] AndroidManifest.xml:30:17-85
111                android:value="androidx.startup" />
111-->[androidx.profileinstaller:profileinstaller:1.4.0] AndroidManifest.xml:31:17-49
112        </provider>
113
114        <receiver
114-->[androidx.profileinstaller:profileinstaller:1.4.0] AndroidManifest.xml:34:9-52:20
115            android:name="androidx.profileinstaller.ProfileInstallReceiver"
115-->[androidx.profileinstaller:profileinstaller:1.4.0] AndroidManifest.xml:35:13-76
116            android:directBootAware="false"
116-->[androidx.profileinstaller:profileinstaller:1.4.0] AndroidManifest.xml:36:13-44
117            android:enabled="true"
117-->[androidx.profileinstaller:profileinstaller:1.4.0] AndroidManifest.xml:37:13-35
118            android:exported="true"
118-->[androidx.profileinstaller:profileinstaller:1.4.0] AndroidManifest.xml:38:13-36
119            android:permission="android.permission.DUMP" >
119-->[androidx.profileinstaller:profileinstaller:1.4.0] AndroidManifest.xml:39:13-57
120            <intent-filter>
120-->[androidx.profileinstaller:profileinstaller:1.4.0] AndroidManifest.xml:40:13-42:29
121                <action android:name="androidx.profileinstaller.action.INSTALL_PROFILE" />
121-->[androidx.profileinstaller:profileinstaller:1.4.0] AndroidManifest.xml:41:17-91
121-->[androidx.profileinstaller:profileinstaller:1.4.0] AndroidManifest.xml:41:25-88
122            </intent-filter>
123            <intent-filter>
123-->[androidx.profileinstaller:profileinstaller:1.4.0] AndroidManifest.xml:43:13-45:29
124                <action android:name="androidx.profileinstaller.action.SKIP_FILE" />
124-->[androidx.profileinstaller:profileinstaller:1.4.0] AndroidManifest.xml:44:17-85
124-->[androidx.profileinstaller:profileinstaller:1.4.0] AndroidManifest.xml:44:25-82
125            </intent-filter>
126            <intent-filter>
126-->[androidx.profileinstaller:profileinstaller:1.4.0] AndroidManifest.xml:46:13-48:29
127                <action android:name="androidx.profileinstaller.action.SAVE_PROFILE" />
127-->[androidx.profileinstaller:profileinstaller:1.4.0] AndroidManifest.xml:47:17-88
127-->[androidx.profileinstaller:profileinstaller:1.4.0] AndroidManifest.xml:47:25-85
128            </intent-filter>
129            <intent-filter>
129-->[androidx.profileinstaller:profileinstaller:1.4.0] AndroidManifest.xml:49:13-51:29
130                <action android:name="androidx.profileinstaller.action.BENCHMARK_OPERATION" />
130-->[androidx.profileinstaller:profileinstaller:1.4.0] AndroidManifest.xml:50:17-95
130-->[androidx.profileinstaller:profileinstaller:1.4.0] AndroidManifest.xml:50:25-92
131            </intent-filter>
132        </receiver>
133    </application>
134
135</manifest>